# JRE version: OpenJDK Runtime Environment Temurin-17.0.3+7 (17.0.3+7) (build 17.0.3+7)
# Java VM: OpenJDK 64-Bit Server VM Temurin-17.0.3+7 (17.0.3+7, mixed mode, emulated-client, tiered, compressed oops, compressed class ptrs, g1 gc, windows-amd64)
GC Precious Log:
 CPUs: 4 total, 4 available
 Memory: 8077M
 Large Page Support: Disabled
 NUMA Support: Disabled
 Compressed Oops: Enabled (32-bit)
 Heap Region Size: 1M
 Heap Min Capacity: 8M
 Heap Initial Capacity: 128M
 Heap Max Capacity: 2020M
 Pre-touch: Disabled
 Parallel Workers: 4
 Concurrent Workers: 1
 Concurrent Refinement Workers: 4
 Periodic GC: Disabled
Heap:
 garbage-first heap   total 78848K, used 23184K [0x0000000081c00000, 0x0000000100000000)
  region size 1024K, 1 young (1024K), 0 survivors (0K)
 Metaspace       used 41735K, committed 42176K, reserved 1089536K
  class space    used 5823K, committed 6016K, reserved 1048576K
GC Heap History (20 events):
Event: 2646.607 GC heap before
{Heap before GC invocations=305 (full 249):
 garbage-first heap   total 78848K, used 23183K [0x0000000081c00000, 0x0000000100000000)
  region size 1024K, 1 young (1024K), 0 survivors (0K)
 Metaspace       used 41735K, committed 42176K, reserved 1089536K
  class space    used 5823K, committed 6016K, reserved 1048576K
}
Event: 2646.664 GC heap after
{Heap after GC invocations=306 (full 250):
 garbage-first heap   total 78848K, used 23184K [0x0000000081c00000, 0x0000000100000000)
  region size 1024K, 0 young (0K), 0 survivors (0K)
 Metaspace       used 41735K, committed 42176K, reserved 1089536K
  class space    used 5823K, committed 6016K, reserved 1048576K
}
Event: 2657.496 GC heap before
{Heap before GC invocations=306 (full 250):
 garbage-first heap   total 78848K, used 23184K [0x0000000081c00000, 0x0000000100000000)
  region size 1024K, 1 young (1024K), 0 survivors (0K)
 Metaspace       used 41735K, committed 42176K, reserved 1089536K
  class space    used 5823K, committed 6016K, reserved 1048576K
}
Event: 2657.559 GC heap after
{Heap after GC invocations=307 (full 251):
 garbage-first heap   total 78848K, used 23184K [0x0000000081c00000, 0x0000000100000000)
  region size 1024K, 0 young (0K), 0 survivors (0K)
 Metaspace       used 41735K, committed 42176K, reserved 1089536K
  class space    used 5823K, committed 6016K, reserved 1048576K
}
Event: 2668.299 GC heap before
{Heap before GC invocations=307 (full 251):
 garbage-first heap   total 78848K, used 23184K [0x0000000081c00000, 0x0000000100000000)
  region size 1024K, 1 young (1024K), 0 survivors (0K)
 Metaspace       used 41735K, committed 42176K, reserved 1089536K
  class space    used 5823K, committed 6016K, reserved 1048576K
}
Event: 2668.373 GC heap after
{Heap after GC invocations=308 (full 252):
 garbage-first heap   total 78848K, used 23184K [0x0000000081c00000, 0x0000000100000000)
  region size 1024K, 0 young (0K), 0 survivors (0K)
 Metaspace       used 41735K, committed 42176K, reserved 1089536K
  class space    used 5823K, committed 6016K, reserved 1048576K
}
Event: 2679.665 GC heap before
{Heap before GC invocations=308 (full 252):
 garbage-first heap   total 78848K, used 23184K [0x0000000081c00000, 0x0000000100000000)
  region size 1024K, 1 young (1024K), 0 survivors (0K)
 Metaspace       used 41735K, committed 42176K, reserved 1089536K
  class space    used 5823K, committed 6016K, reserved 1048576K
}
Event: 2679.733 GC heap after
{Heap after GC invocations=309 (full 253):
 garbage-first heap   total 78848K, used 23184K [0x0000000081c00000, 0x0000000100000000)
  region size 1024K, 0 young (0K), 0 survivors (0K)
 Metaspace       used 41735K, committed 42176K, reserved 1089536K
  class space    used 5823K, committed 6016K, reserved 1048576K
}
Event: 2690.852 GC heap before
{Heap before GC invocations=309 (full 253):
 garbage-first heap   total 78848K, used 23184K [0x0000000081c00000, 0x0000000100000000)
  region size 1024K, 1 young (1024K), 0 survivors (0K)
 Metaspace       used 41735K, committed 42176K, reserved 1089536K
  class space    used 5823K, committed 6016K, reserved 1048576K
}
Event: 2690.917 GC heap after
{Heap after GC invocations=310 (full 254):
 garbage-first heap   total 78848K, used 23184K [0x0000000081c00000, 0x0000000100000000)
  region size 1024K, 0 young (0K), 0 survivors (0K)
 Metaspace       used 41735K, committed 42176K, reserved 1089536K
  class space    used 5823K, committed 6016K, reserved 1048576K
}
Event: 2702.299 GC heap before
{Heap before GC invocations=310 (full 254):
 garbage-first heap   total 78848K, used 23184K [0x0000000081c00000, 0x0000000100000000)
  region size 1024K, 1 young (1024K), 0 survivors (0K)
 Metaspace       used 41735K, committed 42176K, reserved 1089536K
  class space    used 5823K, committed 6016K, reserved 1048576K
}
Event: 2702.386 GC heap after
{Heap after GC invocations=311 (full 255):
 garbage-first heap   total 78848K, used 23184K [0x0000000081c00000, 0x0000000100000000)
  region size 1024K, 0 young (0K), 0 survivors (0K)
 Metaspace       used 41735K, committed 42176K, reserved 1089536K
  class space    used 5823K, committed 6016K, reserved 1048576K
}
Event: 2713.383 GC heap before
{Heap before GC invocations=311 (full 255):
 garbage-first heap   total 78848K, used 23184K [0x0000000081c00000, 0x0000000100000000)
  region size 1024K, 1 young (1024K), 0 survivors (0K)
 Metaspace       used 41735K, committed 42176K, reserved 1089536K
  class space    used 5823K, committed 6016K, reserved 1048576K
}
Event: 2713.451 GC heap after
{Heap after GC invocations=312 (full 256):
 garbage-first heap   total 78848K, used 23184K [0x0000000081c00000, 0x0000000100000000)
  region size 1024K, 0 young (0K), 0 survivors (0K)
 Metaspace       used 41735K, committed 42176K, reserved 1089536K
  class space    used 5823K, committed 6016K, reserved 1048576K
}
Event: 2724.093 GC heap before
{Heap before GC invocations=312 (full 256):
 garbage-first heap   total 78848K, used 23184K [0x0000000081c00000, 0x0000000100000000)
  region size 1024K, 1 young (1024K), 0 survivors (0K)
 Metaspace       used 41735K, committed 42176K, reserved 1089536K
  class space    used 5823K, committed 6016K, reserved 1048576K
}
Event: 2724.167 GC heap after
{Heap after GC invocations=313 (full 257):
 garbage-first heap   total 78848K, used 23184K [0x0000000081c00000, 0x0000000100000000)
  region size 1024K, 0 young (0K), 0 survivors (0K)
 Metaspace       used 41735K, committed 42176K, reserved 1089536K
  class space    used 5823K, committed 6016K, reserved 1048576K
}
Event: 2734.674 GC heap before
{Heap before GC invocations=313 (full 257):
 garbage-first heap   total 78848K, used 23184K [0x0000000081c00000, 0x0000000100000000)
  region size 1024K, 1 young (1024K), 0 survivors (0K)
 Metaspace       used 41735K, committed 42176K, reserved 1089536K
  class space    used 5823K, committed 6016K, reserved 1048576K
}
Event: 2734.751 GC heap after
{Heap after GC invocations=314 (full 258):
 garbage-first heap   total 78848K, used 23184K [0x0000000081c00000, 0x0000000100000000)
  region size 1024K, 0 young (0K), 0 survivors (0K)
 Metaspace       used 41735K, committed 42176K, reserved 1089536K
  class space    used 5823K, committed 6016K, reserved 1048576K
}
Event: 2745.345 GC heap before
{Heap before GC invocations=314 (full 258):
 garbage-first heap   total 78848K, used 23184K [0x0000000081c00000, 0x0000000100000000)
  region size 1024K, 1 young (1024K), 0 survivors (0K)
 Metaspace       used 41735K, committed 42176K, reserved 1089536K
  class space    used 5823K, committed 6016K, reserved 1048576K
}
Event: 2745.415 GC heap after
{Heap after GC invocations=315 (full 259):
 garbage-first heap   total 78848K, used 23184K [0x0000000081c00000, 0x0000000100000000)
  region size 1024K, 0 young (0K), 0 survivors (0K)
 Metaspace       used 41735K, committed 42176K, reserved 1089536K
  class space    used 5823K, committed 6016K, reserved 1048576K
}

